2025-11-21 10:30:00 | INFO | repo=2017-course-sys-int-activemq-seminar | action=test | passed=true
2025-11-09 21:07:00 | DEBUG | repo=2017-course-sys-int-activemq-seminar | action=commit
2025-04-26 18:33:00 | INFO | repo=2017-course-sys-int-activemq-seminar | action=commit
2025-09-23 12:31:00 | WARN | repo=2017-course-sys-int-activemq-seminar | action=commit
2025-05-13 08:30:00 | DEBUG | repo=2017-course-sys-int-activemq-seminar | action=commit
2025-07-17 17:55:00 | WARN | repo=2017-course-sys-int-activemq-seminar | action=commit
2025-05-13 21:33:00 | INFO | repo=2017-course-sys-int-activemq-seminar | action=commit
2025-08-26 11:14:00 | DEBUG | repo=2017-course-sys-int-activemq-seminar | action=commit
2025-08-17 17:15:00 | INFO | repo=2017-course-sys-int-activemq-seminar | action=commit
2025-02-24 20:27:00 | INFO | repo=2017-course-sys-int-activemq-seminar | action=commit
2025-05-07 14:29:00 | WARN | repo=2017-course-sys-int-activemq-seminar | action=commit
2025-02-06 11:53:00 | INFO | repo=2017-course-sys-int-activemq-seminar | action=commit
2025-09-03 19:17:00 | WARN | repo=2017-course-sys-int-activemq-seminar | action=commit
2025-05-18 21:15:00 | DEBUG | repo=2017-course-sys-int-activemq-seminar | action=pull
2025-03-24 08:50:00 | DEBUG | repo=2017-course-sys-int-activemq-seminar | action=commit
2025-03-08 18:08:00 | DEBUG | repo=2017-course-sys-int-activemq-seminar | action=pull
2025-12-22 16:29:00 | WARN | repo=2017-course-sys-int-activemq-seminar | action=commit
2025-02-10 20:08:00 | WARN | repo=2017-course-sys-int-activemq-seminar | action=test | passed=true
2025-04-07 15:51:00 | DEBUG | repo=2017-course-sys-int-activemq-seminar | action=commit
2025-08-06 08:23:00 | INFO | repo=2017-course-sys-int-activemq-seminar | action=commit
2025-03-26 20:43:00 | WARN | repo=2017-course-sys-int-activemq-seminar | action=pull
2025-09-09 14:17:00 | INFO | repo=2017-course-sys-int-activemq-seminar | action=commit
2025-03-01 07:51:00 | WARN | repo=2017-course-sys-int-activemq-seminar | action=commit
